<?xml version="1.0" encoding="UTF-8"?>
<testsuite xmlns:xsi="http://www.w3.org/2001/XMLSchema-instance" xsi:noNamespaceSchemaLocation="https://maven.apache.org/surefire/maven-surefire-plugin/xsd/surefire-test-report.xsd" name="tests.ROTest" time="0.257" tests="2" errors="2" skipped="0" failures="0">
  <properties>
    <property name="java.specification.version" value="14"/>
    <property name="sun.cpu.isalist" value="amd64"/>
    <property name="sun.jnu.encoding" value="GBK"/>
    <property name="java.class.path" value="C:\Spr2020_CS448_Project3\cs448p3-SKELETON\target\test-classes;C:\Spr2020_CS448_Project3\cs448p3-SKELETON\target\classes;C:\Users\liuda\.m2\repository\com\googlecode\json-simple\json-simple\1.1.1\json-simple-1.1.1.jar;C:\Users\liuda\.m2\repository\com\opencsv\opencsv\4.0\opencsv-4.0.jar;C:\Users\liuda\.m2\repository\org\apache\commons\commons-lang3\3.6\commons-lang3-3.6.jar;C:\Users\liuda\.m2\repository\org\apache\commons\commons-text\1.1\commons-text-1.1.jar;C:\Users\liuda\.m2\repository\commons-beanutils\commons-beanutils\1.9.3\commons-beanutils-1.9.3.jar;C:\Users\liuda\.m2\repository\commons-logging\commons-logging\1.2\commons-logging-1.2.jar;C:\Users\liuda\.m2\repository\commons-collections\commons-collections\3.2.2\commons-collections-3.2.2.jar;C:\Users\liuda\.m2\repository\junit\junit\4.11\junit-4.11.jar;C:\Users\liuda\.m2\repository\org\hamcrest\hamcrest-core\1.3\hamcrest-core-1.3.jar;C:\Spr2020_CS448_Project3\cs448p3-SKELETON\lib\bufmgr.jar;C:\Spr2020_CS448_Project3\cs448p3-SKELETON\lib\diskmgr.jar;C:\Spr2020_CS448_Project3\cs448p3-SKELETON\lib\heap.jar;C:\Spr2020_CS448_Project3\cs448p3-SKELETON\lib\index.jar;"/>
    <property name="java.vm.vendor" value="Oracle Corporation"/>
    <property name="sun.arch.data.model" value="64"/>
    <property name="user.variant" value=""/>
    <property name="java.vendor.url" value="https://java.oracle.com/"/>
    <property name="user.timezone" value="America/Indianapolis"/>
    <property name="os.name" value="Windows 10"/>
    <property name="java.vm.specification.version" value="14"/>
    <property name="sun.java.launcher" value="SUN_STANDARD"/>
    <property name="user.country" value="US"/>
    <property name="sun.boot.library.path" value="C:\Program Files\Java\jdk-14\bin"/>
    <property name="sun.java.command" value="C:\Users\liuda\AppData\Local\Temp\surefire17733344739345092938\surefirebooter17301434749670637817.jar C:\Users\liuda\AppData\Local\Temp\surefire17733344739345092938 2020-04-03T15-12-16_453-jvmRun1 surefire3367811560932791025tmp surefire_07343190670905675397tmp"/>
    <property name="jdk.debug" value="release"/>
    <property name="test" value="ROTest#testIndexScan"/>
    <property name="surefire.test.class.path" value="C:\Spr2020_CS448_Project3\cs448p3-SKELETON\target\test-classes;C:\Spr2020_CS448_Project3\cs448p3-SKELETON\target\classes;C:\Users\liuda\.m2\repository\com\googlecode\json-simple\json-simple\1.1.1\json-simple-1.1.1.jar;C:\Users\liuda\.m2\repository\com\opencsv\opencsv\4.0\opencsv-4.0.jar;C:\Users\liuda\.m2\repository\org\apache\commons\commons-lang3\3.6\commons-lang3-3.6.jar;C:\Users\liuda\.m2\repository\org\apache\commons\commons-text\1.1\commons-text-1.1.jar;C:\Users\liuda\.m2\repository\commons-beanutils\commons-beanutils\1.9.3\commons-beanutils-1.9.3.jar;C:\Users\liuda\.m2\repository\commons-logging\commons-logging\1.2\commons-logging-1.2.jar;C:\Users\liuda\.m2\repository\commons-collections\commons-collections\3.2.2\commons-collections-3.2.2.jar;C:\Users\liuda\.m2\repository\junit\junit\4.11\junit-4.11.jar;C:\Users\liuda\.m2\repository\org\hamcrest\hamcrest-core\1.3\hamcrest-core-1.3.jar;C:\Spr2020_CS448_Project3\cs448p3-SKELETON\lib\bufmgr.jar;C:\Spr2020_CS448_Project3\cs448p3-SKELETON\lib\diskmgr.jar;C:\Spr2020_CS448_Project3\cs448p3-SKELETON\lib\heap.jar;C:\Spr2020_CS448_Project3\cs448p3-SKELETON\lib\index.jar;"/>
    <property name="sun.cpu.endian" value="little"/>
    <property name="user.home" value="C:\Users\liuda"/>
    <property name="user.language" value="en"/>
    <property name="java.specification.vendor" value="Oracle Corporation"/>
    <property name="java.version.date" value="2020-03-17"/>
    <property name="java.home" value="C:\Program Files\Java\jdk-14"/>
    <property name="file.separator" value="\"/>
    <property name="basedir" value="C:\Spr2020_CS448_Project3\cs448p3-SKELETON"/>
    <property name="java.vm.compressedOopsMode" value="Zero based"/>
    <property name="line.separator" value="&#10;"/>
    <property name="java.vm.specification.vendor" value="Oracle Corporation"/>
    <property name="java.specification.name" value="Java Platform API Specification"/>
    <property name="surefire.real.class.path" value="C:\Users\liuda\AppData\Local\Temp\surefire17733344739345092938\surefirebooter17301434749670637817.jar"/>
    <property name="user.script" value=""/>
    <property name="sun.management.compiler" value="HotSpot 64-Bit Tiered Compilers"/>
    <property name="java.runtime.version" value="14+36-1461"/>
    <property name="user.name" value="liuda"/>
    <property name="path.separator" value=";"/>
    <property name="os.version" value="10.0"/>
    <property name="java.runtime.name" value="Java(TM) SE Runtime Environment"/>
    <property name="file.encoding" value="Cp1252"/>
    <property name="java.vm.name" value="Java HotSpot(TM) 64-Bit Server VM"/>
    <property name="localRepository" value="C:\Users\liuda\.m2\repository"/>
    <property name="java.vendor.url.bug" value="https://bugreport.java.com/bugreport/"/>
    <property name="java.io.tmpdir" value="C:\Users\liuda\AppData\Local\Temp\"/>
    <property name="java.version" value="14"/>
    <property name="user.dir" value="C:\Spr2020_CS448_Project3\cs448p3-SKELETON"/>
    <property name="os.arch" value="amd64"/>
    <property name="java.vm.specification.name" value="Java Virtual Machine Specification"/>
    <property name="sun.os.patch.level" value=""/>
    <property name="java.library.path" value="C:\Program Files\Java\jdk-14\bin;C:\WINDOWS\Sun\Java\bin;C:\WINDOWS\system32;C:\WINDOWS;C:\WINDOWS\system32;C:\WINDOWS;C:\WINDOWS\System32\Wbem;C:\WINDOWS\System32\WindowsPowerShell\v1.0\;C:\WINDOWS\System32\OpenSSH\;C:\Program Files\nodejs\;C:\Program Files\PuTTY\;C:\Program Files\Git\cmd;C:\Program Files\apache-maven-3.6.3\bin;C:\Program Files\Java\jdk-14\bin;C:\Users\liuda\AppData\Local\Microsoft\WindowsApps;C:\Users\liuda\AppData\Local\GitHubDesktop\bin;C:\Users\liuda\AppData\Roaming\npm;C:\Program Files\JetBrains\WebStorm 2019.3.2\bin;;C:\Users\liuda\AppData\Local\Programs\Fiddler;C:\Program Files\JetBrains\IntelliJ IDEA 2019.3.3\bin;;."/>
    <property name="java.vm.info" value="mixed mode, sharing"/>
    <property name="java.vendor" value="Oracle Corporation"/>
    <property name="java.vm.version" value="14+36-1461"/>
    <property name="sun.io.unicode.encoding" value="UnicodeLittle"/>
    <property name="java.class.version" value="58.0"/>
  </properties>
  <testcase name="testIndexScan" classname="tests.ROTest" time="0.007">
    <error type="java.lang.NullPointerException">java.lang.NullPointerException
	at tests.ROTest.execute_and_compare(ROTest.java:127)
	at tests.ROTest.testIndexScan(ROTest.java:232)
</error>
    <system-out><![CDATA[Creating database...
Replacer: Clock

]]></system-out>
  </testcase>
  <testcase name="tests.ROTest" classname="tests.ROTest" time="0.008">
    <error message="Page currently pinned" type="java.lang.IllegalArgumentException">java.lang.IllegalArgumentException: Page currently pinned
	at tests.ROTest.tearDownDB(ROTest.java:212)
</error>
  </testcase>
</testsuite>